2023-02-05 15:01:24,220 - mmcls - INFO - Environment info:
------------------------------------------------------------
sys.platform: linux
Python: 3.8.8 (default, Apr 13 2021, 19:58:26) [GCC 7.3.0]
CUDA available: True
GPU 0: NVIDIA GeForce RTX 3090
CUDA_HOME: /data/apps/cuda/11.1
NVCC: Cuda compilation tools, release 11.1, V11.1.74
GCC: gcc (GCC) 7.3.0
PyTorch: 1.10.0+cu111
PyTorch compiling details: PyTorch built with:
  - GCC 7.3
  - C++ Version: 201402
  - Intel(R) oneAPI Math Kernel Library Version 2021.2-Product Build 20210312 for Intel(R) 64 architecture applications
  - Intel(R) MKL-DNN v2.2.3 (Git Hash 7336ca9f055cf1bfa13efb658fe15dc9b41f0740)
  - OpenMP 201511 (a.k.a. OpenMP 4.5)
  - LAPACK is enabled (usually provided by MKL)
  - NNPACK is enabled
  - CPU capability usage: AVX2
  - CUDA Runtime 11.1
  - NVCC architecture flags: -gencode;arch=compute_37,code=sm_37;-gencode;arch=compute_50,code=sm_50;-gencode;arch=compute_60,code=sm_60;-gencode;arch=compute_70,code=sm_70;-gencode;arch=compute_75,code=sm_75;-gencode;arch=compute_80,code=sm_80;-gencode;arch=compute_86,code=sm_86
  - CuDNN 8.0.5
  - Magma 2.5.2
  - Build settings: BLAS_INFO=mkl, BUILD_TYPE=Release, CUDA_VERSION=11.1, CUDNN_VERSION=8.0.5, CXX_COMPILER=/opt/rh/devtoolset-7/root/usr/bin/c++, CXX_FLAGS= -Wno-deprecated -fvisibility-inlines-hidden -DUSE_PTHREADPOOL -fopenmp -DNDEBUG -DUSE_KINETO -DUSE_FBGEMM -DUSE_QNNPACK -DUSE_PYTORCH_QNNPACK -DUSE_XNNPACK -DSYMBOLICATE_MOBILE_DEBUG_HANDLE -DEDGE_PROFILER_USE_KINETO -O2 -fPIC -Wno-narrowing -Wall -Wextra -Werror=return-type -Wno-missing-field-initializers -Wno-type-limits -Wno-array-bounds -Wno-unknown-pragmas -Wno-sign-compare -Wno-unused-parameter -Wno-unused-variable -Wno-unused-function -Wno-unused-result -Wno-unused-local-typedefs -Wno-strict-overflow -Wno-strict-aliasing -Wno-error=deprecated-declarations -Wno-stringop-overflow -Wno-psabi -Wno-error=pedantic -Wno-error=redundant-decls -Wno-error=old-style-cast -fdiagnostics-color=always -faligned-new -Wno-unused-but-set-variable -Wno-maybe-uninitialized -fno-math-errno -fno-trapping-math -Werror=format -Wno-stringop-overflow, LAPACK_INFO=mkl, PERF_WITH_AVX=1, PERF_WITH_AVX2=1, PERF_WITH_AVX512=1, TORCH_VERSION=1.10.0, USE_CUDA=ON, USE_CUDNN=ON, USE_EXCEPTION_PTR=1, USE_GFLAGS=OFF, USE_GLOG=OFF, USE_MKL=ON, USE_MKLDNN=ON, USE_MPI=OFF, USE_NCCL=ON, USE_NNPACK=ON, USE_OPENMP=ON, 

TorchVision: 0.11.0+cu111
OpenCV: 4.7.0
MMCV: 1.7.0
MMCV Compiler: GCC 7.3
MMCV CUDA Compiler: 11.1
MMClassification: 0.25.0+3d4f80d
------------------------------------------------------------

2023-02-05 15:01:24,221 - mmcls - INFO - Distributed training: False
2023-02-05 15:01:24,345 - mmcls - INFO - Config:
model = dict(
    type='ImageClassifier',
    backbone=dict(
        type='ResNet',
        depth=18,
        num_stages=4,
        out_indices=(3, ),
        style='pytorch'),
    neck=dict(type='GlobalAveragePooling'),
    head=dict(
        type='LinearClsHead',
        num_classes=5,
        in_channels=512,
        loss=dict(type='CrossEntropyLoss', loss_weight=1.0),
        topk=(1, )))
dataset_type = 'ImageNet'
img_norm_cfg = dict(
    mean=[123.675, 116.28, 103.53], std=[58.395, 57.12, 57.375], to_rgb=True)
train_pipeline = [
    dict(type='LoadImageFromFile'),
    dict(type='RandomResizedCrop', size=224),
    dict(type='RandomFlip', flip_prob=0.5, direction='horizontal'),
    dict(
        type='Normalize',
        mean=[123.675, 116.28, 103.53],
        std=[58.395, 57.12, 57.375],
        to_rgb=True),
    dict(type='ImageToTensor', keys=['img']),
    dict(type='ToTensor', keys=['gt_label']),
    dict(type='Collect', keys=['img', 'gt_label'])
]
test_pipeline = [
    dict(type='LoadImageFromFile'),
    dict(type='Resize', size=(256, -1)),
    dict(type='CenterCrop', crop_size=224),
    dict(
        type='Normalize',
        mean=[123.675, 116.28, 103.53],
        std=[58.395, 57.12, 57.375],
        to_rgb=True),
    dict(type='ImageToTensor', keys=['img']),
    dict(type='Collect', keys=['img'])
]
data = dict(
    samples_per_gpu=32,
    workers_per_gpu=2,
    train=dict(
        type='ImageNet',
        data_prefix='data/flower/train',
        pipeline=[
            dict(type='LoadImageFromFile'),
            dict(type='RandomResizedCrop', size=224),
            dict(type='RandomFlip', flip_prob=0.5, direction='horizontal'),
            dict(
                type='Normalize',
                mean=[123.675, 116.28, 103.53],
                std=[58.395, 57.12, 57.375],
                to_rgb=True),
            dict(type='ImageToTensor', keys=['img']),
            dict(type='ToTensor', keys=['gt_label']),
            dict(type='Collect', keys=['img', 'gt_label'])
        ],
        ann_file='data/flower/train.txt',
        classes='data/flower/classes.txt'),
    val=dict(
        type='ImageNet',
        data_prefix='data/flower/val',
        ann_file='data/flower/val.txt',
        pipeline=[
            dict(type='LoadImageFromFile'),
            dict(type='Resize', size=(256, -1)),
            dict(type='CenterCrop', crop_size=224),
            dict(
                type='Normalize',
                mean=[123.675, 116.28, 103.53],
                std=[58.395, 57.12, 57.375],
                to_rgb=True),
            dict(type='ImageToTensor', keys=['img']),
            dict(type='Collect', keys=['img'])
        ],
        classes='data/flower/classes.txt'),
    test=dict(
        type='ImageNet',
        data_prefix='data/imagenet/val',
        ann_file='data/imagenet/meta/val.txt',
        pipeline=[
            dict(type='LoadImageFromFile'),
            dict(type='Resize', size=(256, -1)),
            dict(type='CenterCrop', crop_size=224),
            dict(
                type='Normalize',
                mean=[123.675, 116.28, 103.53],
                std=[58.395, 57.12, 57.375],
                to_rgb=True),
            dict(type='ImageToTensor', keys=['img']),
            dict(type='Collect', keys=['img'])
        ]))
evaluation = dict(interval=1, metric='accuracy')
checkpoint_config = dict(interval=1)
log_config = dict(interval=100, hooks=[dict(type='TextLoggerHook')])
dist_params = dict(backend='nccl')
log_level = 'INFO'
load_from = '/HOME/scz0be5/run/mmclassification/mmclassification/checkpoints/resnet18_batch256_imagenet_20200708-34ab8f90.pth'
resume_from = None
workflow = [('train', 1)]
optimizer = dict(type='SGD', lr=0.001, momentum=0.9, weight_decay=0.0001)
optimizer_config = dict(grad_clip=None)
lr_config = dict(policy='step', step=[1])
runner = dict(type='EpochBasedRunner', max_epochs=100)
work_dir = 'work/resnet18_b32_flower'
gpu_ids = [0]

2023-02-05 15:01:24,407 - mmcls - INFO - Set random seed to 2136420724, deterministic: False
2023-02-05 15:01:24,843 - mmcls - INFO - initialize ResNet with init_cfg [{'type': 'Kaiming', 'layer': ['Conv2d']}, {'type': 'Constant', 'val': 1, 'layer': ['_BatchNorm', 'GroupNorm']}]
2023-02-05 15:01:25,005 - mmcls - INFO - initialize LinearClsHead with init_cfg {'type': 'Normal', 'layer': 'Linear', 'std': 0.01}
Name of parameter - Initialization information

backbone.conv1.weight - torch.Size([64, 3, 7, 7]): 
KaimingInit: a=0, mode=fan_out, nonlinearity=relu, distribution =normal, bias=0 

backbone.bn1.weight - torch.Size([64]): 
The value is the same before and after calling `init_weights` of ImageClassifier  

backbone.bn1.bias - torch.Size([64]): 
The value is the same before and after calling `init_weights` of ImageClassifier  

backbone.layer1.0.conv1.weight - torch.Size([64, 64, 3, 3]): 
KaimingInit: a=0, mode=fan_out, nonlinearity=relu, distribution =normal, bias=0 

backbone.layer1.0.bn1.weight - torch.Size([64]): 
The value is the same before and after calling `init_weights` of ImageClassifier  

backbone.layer1.0.bn1.bias - torch.Size([64]): 
The value is the same before and after calling `init_weights` of ImageClassifier  

backbone.layer1.0.conv2.weight - torch.Size([64, 64, 3, 3]): 
KaimingInit: a=0, mode=fan_out, nonlinearity=relu, distribution =normal, bias=0 

backbone.layer1.0.bn2.weight - torch.Size([64]): 
Initialized by user-defined `init_weights` in ResNet  

backbone.layer1.0.bn2.bias - torch.Size([64]): 
The value is the same before and after calling `init_weights` of ImageClassifier  

backbone.layer1.1.conv1.weight - torch.Size([64, 64, 3, 3]): 
KaimingInit: a=0, mode=fan_out, nonlinearity=relu, distribution =normal, bias=0 

backbone.layer1.1.bn1.weight - torch.Size([64]): 
The value is the same before and after calling `init_weights` of ImageClassifier  

backbone.layer1.1.bn1.bias - torch.Size([64]): 
The value is the same before and after calling `init_weights` of ImageClassifier  

backbone.layer1.1.conv2.weight - torch.Size([64, 64, 3, 3]): 
KaimingInit: a=0, mode=fan_out, nonlinearity=relu, distribution =normal, bias=0 

backbone.layer1.1.bn2.weight - torch.Size([64]): 
Initialized by user-defined `init_weights` in ResNet  

backbone.layer1.1.bn2.bias - torch.Size([64]): 
The value is the same before and after calling `init_weights` of ImageClassifier  

backbone.layer2.0.conv1.weight - torch.Size([128, 64, 3, 3]): 
KaimingInit: a=0, mode=fan_out, nonlinearity=relu, distribution =normal, bias=0 

backbone.layer2.0.bn1.weight - torch.Size([128]): 
The value is the same before and after calling `init_weights` of ImageClassifier  

backbone.layer2.0.bn1.bias - torch.Size([128]): 
The value is the same before and after calling `init_weights` of ImageClassifier  

backbone.layer2.0.conv2.weight - torch.Size([128, 128, 3, 3]): 
KaimingInit: a=0, mode=fan_out, nonlinearity=relu, distribution =normal, bias=0 

backbone.layer2.0.bn2.weight - torch.Size([128]): 
Initialized by user-defined `init_weights` in ResNet  

backbone.layer2.0.bn2.bias - torch.Size([128]): 
The value is the same before and after calling `init_weights` of ImageClassifier  

backbone.layer2.0.downsample.0.weight - torch.Size([128, 64, 1, 1]): 
KaimingInit: a=0, mode=fan_out, nonlinearity=relu, distribution =normal, bias=0 

backbone.layer2.0.downsample.1.weight - torch.Size([128]): 
The value is the same before and after calling `init_weights` of ImageClassifier  

backbone.layer2.0.downsample.1.bias - torch.Size([128]): 
The value is the same before and after calling `init_weights` of ImageClassifier  

backbone.layer2.1.conv1.weight - torch.Size([128, 128, 3, 3]): 
KaimingInit: a=0, mode=fan_out, nonlinearity=relu, distribution =normal, bias=0 

backbone.layer2.1.bn1.weight - torch.Size([128]): 
The value is the same before and after calling `init_weights` of ImageClassifier  

backbone.layer2.1.bn1.bias - torch.Size([128]): 
The value is the same before and after calling `init_weights` of ImageClassifier  

backbone.layer2.1.conv2.weight - torch.Size([128, 128, 3, 3]): 
KaimingInit: a=0, mode=fan_out, nonlinearity=relu, distribution =normal, bias=0 

backbone.layer2.1.bn2.weight - torch.Size([128]): 
Initialized by user-defined `init_weights` in ResNet  

backbone.layer2.1.bn2.bias - torch.Size([128]): 
The value is the same before and after calling `init_weights` of ImageClassifier  

backbone.layer3.0.conv1.weight - torch.Size([256, 128, 3, 3]): 
KaimingInit: a=0, mode=fan_out, nonlinearity=relu, distribution =normal, bias=0 

backbone.layer3.0.bn1.weight - torch.Size([256]): 
The value is the same before and after calling `init_weights` of ImageClassifier  

backbone.layer3.0.bn1.bias - torch.Size([256]): 
The value is the same before and after calling `init_weights` of ImageClassifier  

backbone.layer3.0.conv2.weight - torch.Size([256, 256, 3, 3]): 
KaimingInit: a=0, mode=fan_out, nonlinearity=relu, distribution =normal, bias=0 

backbone.layer3.0.bn2.weight - torch.Size([256]): 
Initialized by user-defined `init_weights` in ResNet  

backbone.layer3.0.bn2.bias - torch.Size([256]): 
The value is the same before and after calling `init_weights` of ImageClassifier  

backbone.layer3.0.downsample.0.weight - torch.Size([256, 128, 1, 1]): 
KaimingInit: a=0, mode=fan_out, nonlinearity=relu, distribution =normal, bias=0 

backbone.layer3.0.downsample.1.weight - torch.Size([256]): 
The value is the same before and after calling `init_weights` of ImageClassifier  

backbone.layer3.0.downsample.1.bias - torch.Size([256]): 
The value is the same before and after calling `init_weights` of ImageClassifier  

backbone.layer3.1.conv1.weight - torch.Size([256, 256, 3, 3]): 
KaimingInit: a=0, mode=fan_out, nonlinearity=relu, distribution =normal, bias=0 

backbone.layer3.1.bn1.weight - torch.Size([256]): 
The value is the same before and after calling `init_weights` of ImageClassifier  

backbone.layer3.1.bn1.bias - torch.Size([256]): 
The value is the same before and after calling `init_weights` of ImageClassifier  

backbone.layer3.1.conv2.weight - torch.Size([256, 256, 3, 3]): 
KaimingInit: a=0, mode=fan_out, nonlinearity=relu, distribution =normal, bias=0 

backbone.layer3.1.bn2.weight - torch.Size([256]): 
Initialized by user-defined `init_weights` in ResNet  

backbone.layer3.1.bn2.bias - torch.Size([256]): 
The value is the same before and after calling `init_weights` of ImageClassifier  

backbone.layer4.0.conv1.weight - torch.Size([512, 256, 3, 3]): 
KaimingInit: a=0, mode=fan_out, nonlinearity=relu, distribution =normal, bias=0 

backbone.layer4.0.bn1.weight - torch.Size([512]): 
The value is the same before and after calling `init_weights` of ImageClassifier  

backbone.layer4.0.bn1.bias - torch.Size([512]): 
The value is the same before and after calling `init_weights` of ImageClassifier  

backbone.layer4.0.conv2.weight - torch.Size([512, 512, 3, 3]): 
KaimingInit: a=0, mode=fan_out, nonlinearity=relu, distribution =normal, bias=0 

backbone.layer4.0.bn2.weight - torch.Size([512]): 
Initialized by user-defined `init_weights` in ResNet  

backbone.layer4.0.bn2.bias - torch.Size([512]): 
The value is the same before and after calling `init_weights` of ImageClassifier  

backbone.layer4.0.downsample.0.weight - torch.Size([512, 256, 1, 1]): 
KaimingInit: a=0, mode=fan_out, nonlinearity=relu, distribution =normal, bias=0 

backbone.layer4.0.downsample.1.weight - torch.Size([512]): 
The value is the same before and after calling `init_weights` of ImageClassifier  

backbone.layer4.0.downsample.1.bias - torch.Size([512]): 
The value is the same before and after calling `init_weights` of ImageClassifier  

backbone.layer4.1.conv1.weight - torch.Size([512, 512, 3, 3]): 
KaimingInit: a=0, mode=fan_out, nonlinearity=relu, distribution =normal, bias=0 

backbone.layer4.1.bn1.weight - torch.Size([512]): 
The value is the same before and after calling `init_weights` of ImageClassifier  

backbone.layer4.1.bn1.bias - torch.Size([512]): 
The value is the same before and after calling `init_weights` of ImageClassifier  

backbone.layer4.1.conv2.weight - torch.Size([512, 512, 3, 3]): 
KaimingInit: a=0, mode=fan_out, nonlinearity=relu, distribution =normal, bias=0 

backbone.layer4.1.bn2.weight - torch.Size([512]): 
Initialized by user-defined `init_weights` in ResNet  

backbone.layer4.1.bn2.bias - torch.Size([512]): 
The value is the same before and after calling `init_weights` of ImageClassifier  

head.fc.weight - torch.Size([5, 512]): 
NormalInit: mean=0, std=0.01, bias=0 

head.fc.bias - torch.Size([5]): 
NormalInit: mean=0, std=0.01, bias=0 
2023-02-05 15:01:43,295 - mmcls - INFO - load checkpoint from local path: /HOME/scz0be5/run/mmclassification/mmclassification/checkpoints/resnet18_batch256_imagenet_20200708-34ab8f90.pth
2023-02-05 15:01:43,389 - mmcls - WARNING - The model and loaded state dict do not match exactly

size mismatch for head.fc.weight: copying a param with shape torch.Size([1000, 512]) from checkpoint, the shape in current model is torch.Size([5, 512]).
size mismatch for head.fc.bias: copying a param with shape torch.Size([1000]) from checkpoint, the shape in current model is torch.Size([5]).
2023-02-05 15:01:43,390 - mmcls - INFO - Start running, host: scz0be5@g0097, work_dir: /data/run01/scz0be5/mmclassification/mmclassification/work/resnet18_b32_flower
2023-02-05 15:01:43,390 - mmcls - INFO - Hooks will be executed in the following order:
before_run:
(VERY_HIGH   ) StepLrUpdaterHook                  
(NORMAL      ) CheckpointHook                     
(LOW         ) EvalHook                           
(VERY_LOW    ) TextLoggerHook                     
 -------------------- 
before_train_epoch:
(VERY_HIGH   ) StepLrUpdaterHook                  
(LOW         ) IterTimerHook                      
(LOW         ) EvalHook                           
(VERY_LOW    ) TextLoggerHook                     
 -------------------- 
before_train_iter:
(VERY_HIGH   ) StepLrUpdaterHook                  
(LOW         ) IterTimerHook                      
(LOW         ) EvalHook                           
 -------------------- 
after_train_iter:
(ABOVE_NORMAL) OptimizerHook                      
(NORMAL      ) CheckpointHook                     
(LOW         ) IterTimerHook                      
(LOW         ) EvalHook                           
(VERY_LOW    ) TextLoggerHook                     
 -------------------- 
after_train_epoch:
(NORMAL      ) CheckpointHook                     
(LOW         ) EvalHook                           
(VERY_LOW    ) TextLoggerHook                     
 -------------------- 
before_val_epoch:
(LOW         ) IterTimerHook                      
(VERY_LOW    ) TextLoggerHook                     
 -------------------- 
before_val_iter:
(LOW         ) IterTimerHook                      
 -------------------- 
after_val_iter:
(LOW         ) IterTimerHook                      
 -------------------- 
after_val_epoch:
(VERY_LOW    ) TextLoggerHook                     
 -------------------- 
after_run:
(VERY_LOW    ) TextLoggerHook                     
 -------------------- 
2023-02-05 15:01:43,390 - mmcls - INFO - workflow: [('train', 1)], max: 100 epochs
2023-02-05 15:01:43,390 - mmcls - INFO - Checkpoints will be saved to /data/run01/scz0be5/mmclassification/mmclassification/work/resnet18_b32_flower by HardDiskBackend.
2023-02-05 15:02:10,432 - mmcls - INFO - Saving checkpoint at 1 epochs
2023-02-05 15:02:15,056 - mmcls - INFO - Epoch(val) [1][18]	accuracy_top-1: 93.3566, accuracy_top-5: 100.0000
2023-02-05 15:02:20,456 - mmcls - INFO - Saving checkpoint at 2 epochs
2023-02-05 15:02:21,421 - mmcls - INFO - Epoch(val) [2][18]	accuracy_top-1: 93.8811, accuracy_top-5: 100.0000
2023-02-05 15:02:26,839 - mmcls - INFO - Saving checkpoint at 3 epochs
2023-02-05 15:02:27,818 - mmcls - INFO - Epoch(val) [3][18]	accuracy_top-1: 93.0070, accuracy_top-5: 100.0000
2023-02-05 15:02:33,244 - mmcls - INFO - Saving checkpoint at 4 epochs
2023-02-05 15:02:34,232 - mmcls - INFO - Epoch(val) [4][18]	accuracy_top-1: 93.5315, accuracy_top-5: 100.0000
2023-02-05 15:02:39,642 - mmcls - INFO - Saving checkpoint at 5 epochs
2023-02-05 15:02:40,622 - mmcls - INFO - Epoch(val) [5][18]	accuracy_top-1: 94.4056, accuracy_top-5: 100.0000
2023-02-05 15:02:46,050 - mmcls - INFO - Saving checkpoint at 6 epochs
2023-02-05 15:02:47,033 - mmcls - INFO - Epoch(val) [6][18]	accuracy_top-1: 94.0559, accuracy_top-5: 100.0000
2023-02-05 15:02:52,467 - mmcls - INFO - Saving checkpoint at 7 epochs
2023-02-05 15:02:53,446 - mmcls - INFO - Epoch(val) [7][18]	accuracy_top-1: 94.4056, accuracy_top-5: 100.0000
2023-02-05 15:02:58,849 - mmcls - INFO - Saving checkpoint at 8 epochs
2023-02-05 15:02:59,821 - mmcls - INFO - Epoch(val) [8][18]	accuracy_top-1: 94.0559, accuracy_top-5: 100.0000
2023-02-05 15:03:05,288 - mmcls - INFO - Saving checkpoint at 9 epochs
2023-02-05 15:03:06,256 - mmcls - INFO - Epoch(val) [9][18]	accuracy_top-1: 94.9301, accuracy_top-5: 100.0000
2023-02-05 15:03:11,703 - mmcls - INFO - Saving checkpoint at 10 epochs
2023-02-05 15:03:12,680 - mmcls - INFO - Epoch(val) [10][18]	accuracy_top-1: 94.9301, accuracy_top-5: 100.0000
2023-02-05 15:03:18,047 - mmcls - INFO - Saving checkpoint at 11 epochs
2023-02-05 15:03:19,012 - mmcls - INFO - Epoch(val) [11][18]	accuracy_top-1: 94.2308, accuracy_top-5: 100.0000
2023-02-05 15:03:24,407 - mmcls - INFO - Saving checkpoint at 12 epochs
2023-02-05 15:03:25,371 - mmcls - INFO - Epoch(val) [12][18]	accuracy_top-1: 94.9301, accuracy_top-5: 100.0000
2023-02-05 15:03:30,830 - mmcls - INFO - Saving checkpoint at 13 epochs
2023-02-05 15:03:31,801 - mmcls - INFO - Epoch(val) [13][18]	accuracy_top-1: 94.4056, accuracy_top-5: 100.0000
2023-02-05 15:03:37,185 - mmcls - INFO - Saving checkpoint at 14 epochs
2023-02-05 15:03:38,156 - mmcls - INFO - Epoch(val) [14][18]	accuracy_top-1: 95.2797, accuracy_top-5: 100.0000
2023-02-05 15:03:43,574 - mmcls - INFO - Saving checkpoint at 15 epochs
2023-02-05 15:03:44,541 - mmcls - INFO - Epoch(val) [15][18]	accuracy_top-1: 95.1049, accuracy_top-5: 100.0000
2023-02-05 15:03:49,950 - mmcls - INFO - Saving checkpoint at 16 epochs
2023-02-05 15:03:50,913 - mmcls - INFO - Epoch(val) [16][18]	accuracy_top-1: 95.1049, accuracy_top-5: 100.0000
2023-02-05 15:03:56,333 - mmcls - INFO - Saving checkpoint at 17 epochs
2023-02-05 15:03:57,297 - mmcls - INFO - Epoch(val) [17][18]	accuracy_top-1: 94.9301, accuracy_top-5: 100.0000
2023-02-05 15:04:02,746 - mmcls - INFO - Saving checkpoint at 18 epochs
2023-02-05 15:04:03,717 - mmcls - INFO - Epoch(val) [18][18]	accuracy_top-1: 94.9301, accuracy_top-5: 100.0000
2023-02-05 15:04:09,139 - mmcls - INFO - Saving checkpoint at 19 epochs
2023-02-05 15:04:10,112 - mmcls - INFO - Epoch(val) [19][18]	accuracy_top-1: 94.9301, accuracy_top-5: 100.0000
2023-02-05 15:04:15,584 - mmcls - INFO - Saving checkpoint at 20 epochs
2023-02-05 15:04:16,558 - mmcls - INFO - Epoch(val) [20][18]	accuracy_top-1: 94.7552, accuracy_top-5: 100.0000
2023-02-05 15:04:21,978 - mmcls - INFO - Saving checkpoint at 21 epochs
2023-02-05 15:04:22,948 - mmcls - INFO - Epoch(val) [21][18]	accuracy_top-1: 94.5804, accuracy_top-5: 100.0000
2023-02-05 15:04:28,360 - mmcls - INFO - Saving checkpoint at 22 epochs
2023-02-05 15:04:29,324 - mmcls - INFO - Epoch(val) [22][18]	accuracy_top-1: 95.4545, accuracy_top-5: 100.0000
2023-02-05 15:04:34,710 - mmcls - INFO - Saving checkpoint at 23 epochs
2023-02-05 15:04:35,676 - mmcls - INFO - Epoch(val) [23][18]	accuracy_top-1: 94.7552, accuracy_top-5: 100.0000
2023-02-05 15:04:41,063 - mmcls - INFO - Saving checkpoint at 24 epochs
2023-02-05 15:04:42,034 - mmcls - INFO - Epoch(val) [24][18]	accuracy_top-1: 94.5804, accuracy_top-5: 100.0000
2023-02-05 15:04:47,454 - mmcls - INFO - Saving checkpoint at 25 epochs
2023-02-05 15:04:48,418 - mmcls - INFO - Epoch(val) [25][18]	accuracy_top-1: 95.2797, accuracy_top-5: 100.0000
2023-02-05 15:04:53,832 - mmcls - INFO - Saving checkpoint at 26 epochs
2023-02-05 15:04:54,795 - mmcls - INFO - Epoch(val) [26][18]	accuracy_top-1: 94.9301, accuracy_top-5: 100.0000
2023-02-05 15:05:00,236 - mmcls - INFO - Saving checkpoint at 27 epochs
2023-02-05 15:05:01,206 - mmcls - INFO - Epoch(val) [27][18]	accuracy_top-1: 95.4545, accuracy_top-5: 100.0000
2023-02-05 15:05:06,640 - mmcls - INFO - Saving checkpoint at 28 epochs
2023-02-05 15:05:07,608 - mmcls - INFO - Epoch(val) [28][18]	accuracy_top-1: 94.5804, accuracy_top-5: 100.0000
2023-02-05 15:05:13,014 - mmcls - INFO - Saving checkpoint at 29 epochs
2023-02-05 15:05:13,978 - mmcls - INFO - Epoch(val) [29][18]	accuracy_top-1: 95.1049, accuracy_top-5: 100.0000
2023-02-05 15:05:19,457 - mmcls - INFO - Saving checkpoint at 30 epochs
2023-02-05 15:05:20,429 - mmcls - INFO - Epoch(val) [30][18]	accuracy_top-1: 95.1049, accuracy_top-5: 100.0000
2023-02-05 15:05:25,880 - mmcls - INFO - Saving checkpoint at 31 epochs
2023-02-05 15:05:26,843 - mmcls - INFO - Epoch(val) [31][18]	accuracy_top-1: 95.2797, accuracy_top-5: 100.0000
2023-02-05 15:05:32,292 - mmcls - INFO - Saving checkpoint at 32 epochs
2023-02-05 15:05:33,259 - mmcls - INFO - Epoch(val) [32][18]	accuracy_top-1: 95.2797, accuracy_top-5: 100.0000
2023-02-05 15:05:38,714 - mmcls - INFO - Saving checkpoint at 33 epochs
2023-02-05 15:05:39,686 - mmcls - INFO - Epoch(val) [33][18]	accuracy_top-1: 95.6294, accuracy_top-5: 100.0000
2023-02-05 15:05:45,122 - mmcls - INFO - Saving checkpoint at 34 epochs
2023-02-05 15:05:46,091 - mmcls - INFO - Epoch(val) [34][18]	accuracy_top-1: 95.4545, accuracy_top-5: 100.0000
2023-02-05 15:05:51,524 - mmcls - INFO - Saving checkpoint at 35 epochs
2023-02-05 15:05:52,487 - mmcls - INFO - Epoch(val) [35][18]	accuracy_top-1: 95.2797, accuracy_top-5: 100.0000
2023-02-05 15:05:57,902 - mmcls - INFO - Saving checkpoint at 36 epochs
2023-02-05 15:05:58,877 - mmcls - INFO - Epoch(val) [36][18]	accuracy_top-1: 95.2797, accuracy_top-5: 100.0000
2023-02-05 15:06:04,361 - mmcls - INFO - Saving checkpoint at 37 epochs
2023-02-05 15:06:05,335 - mmcls - INFO - Epoch(val) [37][18]	accuracy_top-1: 95.6294, accuracy_top-5: 100.0000
2023-02-05 15:06:10,764 - mmcls - INFO - Saving checkpoint at 38 epochs
2023-02-05 15:06:11,738 - mmcls - INFO - Epoch(val) [38][18]	accuracy_top-1: 95.9790, accuracy_top-5: 100.0000
2023-02-05 15:06:17,160 - mmcls - INFO - Saving checkpoint at 39 epochs
2023-02-05 15:06:18,133 - mmcls - INFO - Epoch(val) [39][18]	accuracy_top-1: 95.1049, accuracy_top-5: 100.0000
2023-02-05 15:06:23,568 - mmcls - INFO - Saving checkpoint at 40 epochs
2023-02-05 15:06:24,535 - mmcls - INFO - Epoch(val) [40][18]	accuracy_top-1: 95.1049, accuracy_top-5: 100.0000
2023-02-05 15:06:29,956 - mmcls - INFO - Saving checkpoint at 41 epochs
2023-02-05 15:06:30,926 - mmcls - INFO - Epoch(val) [41][18]	accuracy_top-1: 95.9790, accuracy_top-5: 100.0000
2023-02-05 15:06:36,400 - mmcls - INFO - Saving checkpoint at 42 epochs
2023-02-05 15:06:37,372 - mmcls - INFO - Epoch(val) [42][18]	accuracy_top-1: 95.8042, accuracy_top-5: 100.0000
2023-02-05 15:06:42,810 - mmcls - INFO - Saving checkpoint at 43 epochs
2023-02-05 15:06:43,776 - mmcls - INFO - Epoch(val) [43][18]	accuracy_top-1: 94.9301, accuracy_top-5: 100.0000
2023-02-05 15:06:49,242 - mmcls - INFO - Saving checkpoint at 44 epochs
2023-02-05 15:06:50,211 - mmcls - INFO - Epoch(val) [44][18]	accuracy_top-1: 95.4545, accuracy_top-5: 100.0000
2023-02-05 15:06:55,631 - mmcls - INFO - Saving checkpoint at 45 epochs
2023-02-05 15:06:56,604 - mmcls - INFO - Epoch(val) [45][18]	accuracy_top-1: 95.6294, accuracy_top-5: 100.0000
2023-02-05 15:07:02,013 - mmcls - INFO - Saving checkpoint at 46 epochs
2023-02-05 15:07:02,977 - mmcls - INFO - Epoch(val) [46][18]	accuracy_top-1: 95.1049, accuracy_top-5: 100.0000
2023-02-05 15:07:08,411 - mmcls - INFO - Saving checkpoint at 47 epochs
2023-02-05 15:07:09,383 - mmcls - INFO - Epoch(val) [47][18]	accuracy_top-1: 95.2797, accuracy_top-5: 100.0000
2023-02-05 15:07:14,814 - mmcls - INFO - Saving checkpoint at 48 epochs
2023-02-05 15:07:15,786 - mmcls - INFO - Epoch(val) [48][18]	accuracy_top-1: 95.6294, accuracy_top-5: 100.0000
2023-02-05 15:07:21,239 - mmcls - INFO - Saving checkpoint at 49 epochs
2023-02-05 15:07:22,211 - mmcls - INFO - Epoch(val) [49][18]	accuracy_top-1: 95.9790, accuracy_top-5: 100.0000
2023-02-05 15:07:27,634 - mmcls - INFO - Saving checkpoint at 50 epochs
2023-02-05 15:07:28,598 - mmcls - INFO - Epoch(val) [50][18]	accuracy_top-1: 95.2797, accuracy_top-5: 100.0000
2023-02-05 15:07:34,007 - mmcls - INFO - Saving checkpoint at 51 epochs
2023-02-05 15:07:34,972 - mmcls - INFO - Epoch(val) [51][18]	accuracy_top-1: 95.8042, accuracy_top-5: 100.0000
2023-02-05 15:07:40,438 - mmcls - INFO - Saving checkpoint at 52 epochs
2023-02-05 15:07:41,402 - mmcls - INFO - Epoch(val) [52][18]	accuracy_top-1: 95.8042, accuracy_top-5: 100.0000
2023-02-05 15:07:46,819 - mmcls - INFO - Saving checkpoint at 53 epochs
2023-02-05 15:07:47,789 - mmcls - INFO - Epoch(val) [53][18]	accuracy_top-1: 95.6294, accuracy_top-5: 100.0000
2023-02-05 15:07:53,288 - mmcls - INFO - Saving checkpoint at 54 epochs
2023-02-05 15:07:54,256 - mmcls - INFO - Epoch(val) [54][18]	accuracy_top-1: 95.2797, accuracy_top-5: 100.0000
2023-02-05 15:07:59,695 - mmcls - INFO - Saving checkpoint at 55 epochs
2023-02-05 15:08:00,663 - mmcls - INFO - Epoch(val) [55][18]	accuracy_top-1: 95.4545, accuracy_top-5: 100.0000
2023-02-05 15:08:06,108 - mmcls - INFO - Saving checkpoint at 56 epochs
2023-02-05 15:08:07,075 - mmcls - INFO - Epoch(val) [56][18]	accuracy_top-1: 95.9790, accuracy_top-5: 100.0000
2023-02-05 15:08:12,478 - mmcls - INFO - Saving checkpoint at 57 epochs
2023-02-05 15:08:13,443 - mmcls - INFO - Epoch(val) [57][18]	accuracy_top-1: 95.4545, accuracy_top-5: 100.0000
2023-02-05 15:08:18,868 - mmcls - INFO - Saving checkpoint at 58 epochs
2023-02-05 15:08:19,833 - mmcls - INFO - Epoch(val) [58][18]	accuracy_top-1: 95.4545, accuracy_top-5: 100.0000
2023-02-05 15:08:25,285 - mmcls - INFO - Saving checkpoint at 59 epochs
2023-02-05 15:08:26,260 - mmcls - INFO - Epoch(val) [59][18]	accuracy_top-1: 95.2797, accuracy_top-5: 100.0000
2023-02-05 15:08:31,676 - mmcls - INFO - Saving checkpoint at 60 epochs
2023-02-05 15:08:32,649 - mmcls - INFO - Epoch(val) [60][18]	accuracy_top-1: 95.9790, accuracy_top-5: 100.0000
2023-02-05 15:08:38,118 - mmcls - INFO - Saving checkpoint at 61 epochs
2023-02-05 15:08:39,095 - mmcls - INFO - Epoch(val) [61][18]	accuracy_top-1: 95.8042, accuracy_top-5: 100.0000
2023-02-05 15:08:44,503 - mmcls - INFO - Saving checkpoint at 62 epochs
2023-02-05 15:08:45,477 - mmcls - INFO - Epoch(val) [62][18]	accuracy_top-1: 96.3287, accuracy_top-5: 100.0000
2023-02-05 15:08:50,883 - mmcls - INFO - Saving checkpoint at 63 epochs
2023-02-05 15:08:51,852 - mmcls - INFO - Epoch(val) [63][18]	accuracy_top-1: 95.2797, accuracy_top-5: 100.0000
2023-02-05 15:08:57,264 - mmcls - INFO - Saving checkpoint at 64 epochs
2023-02-05 15:08:58,240 - mmcls - INFO - Epoch(val) [64][18]	accuracy_top-1: 95.6294, accuracy_top-5: 100.0000
2023-02-05 15:09:03,634 - mmcls - INFO - Saving checkpoint at 65 epochs
2023-02-05 15:09:04,602 - mmcls - INFO - Epoch(val) [65][18]	accuracy_top-1: 95.9790, accuracy_top-5: 100.0000
2023-02-05 15:09:10,046 - mmcls - INFO - Saving checkpoint at 66 epochs
2023-02-05 15:09:11,009 - mmcls - INFO - Epoch(val) [66][18]	accuracy_top-1: 95.8042, accuracy_top-5: 100.0000
2023-02-05 15:09:16,449 - mmcls - INFO - Saving checkpoint at 67 epochs
2023-02-05 15:09:17,423 - mmcls - INFO - Epoch(val) [67][18]	accuracy_top-1: 95.6294, accuracy_top-5: 100.0000
2023-02-05 15:09:22,886 - mmcls - INFO - Saving checkpoint at 68 epochs
2023-02-05 15:09:23,881 - mmcls - INFO - Epoch(val) [68][18]	accuracy_top-1: 95.6294, accuracy_top-5: 100.0000
2023-02-05 15:09:29,345 - mmcls - INFO - Saving checkpoint at 69 epochs
2023-02-05 15:09:30,313 - mmcls - INFO - Epoch(val) [69][18]	accuracy_top-1: 95.6294, accuracy_top-5: 100.0000
2023-02-05 15:09:35,793 - mmcls - INFO - Saving checkpoint at 70 epochs
2023-02-05 15:09:36,774 - mmcls - INFO - Epoch(val) [70][18]	accuracy_top-1: 95.6294, accuracy_top-5: 100.0000
2023-02-05 15:09:42,264 - mmcls - INFO - Saving checkpoint at 71 epochs
2023-02-05 15:09:43,237 - mmcls - INFO - Epoch(val) [71][18]	accuracy_top-1: 95.2797, accuracy_top-5: 100.0000
2023-02-05 15:09:48,688 - mmcls - INFO - Saving checkpoint at 72 epochs
2023-02-05 15:09:49,656 - mmcls - INFO - Epoch(val) [72][18]	accuracy_top-1: 95.8042, accuracy_top-5: 100.0000
2023-02-05 15:09:55,113 - mmcls - INFO - Saving checkpoint at 73 epochs
2023-02-05 15:09:56,092 - mmcls - INFO - Epoch(val) [73][18]	accuracy_top-1: 96.1538, accuracy_top-5: 100.0000
2023-02-05 15:10:01,536 - mmcls - INFO - Saving checkpoint at 74 epochs
2023-02-05 15:10:02,521 - mmcls - INFO - Epoch(val) [74][18]	accuracy_top-1: 96.3287, accuracy_top-5: 100.0000
2023-02-05 15:10:08,020 - mmcls - INFO - Saving checkpoint at 75 epochs
2023-02-05 15:10:08,993 - mmcls - INFO - Epoch(val) [75][18]	accuracy_top-1: 96.1538, accuracy_top-5: 100.0000
2023-02-05 15:10:14,456 - mmcls - INFO - Saving checkpoint at 76 epochs
2023-02-05 15:10:15,423 - mmcls - INFO - Epoch(val) [76][18]	accuracy_top-1: 95.9790, accuracy_top-5: 100.0000
2023-02-05 15:10:20,842 - mmcls - INFO - Saving checkpoint at 77 epochs
2023-02-05 15:10:21,812 - mmcls - INFO - Epoch(val) [77][18]	accuracy_top-1: 96.3287, accuracy_top-5: 100.0000
2023-02-05 15:10:27,250 - mmcls - INFO - Saving checkpoint at 78 epochs
2023-02-05 15:10:28,223 - mmcls - INFO - Epoch(val) [78][18]	accuracy_top-1: 96.3287, accuracy_top-5: 100.0000
2023-02-05 15:10:33,646 - mmcls - INFO - Saving checkpoint at 79 epochs
2023-02-05 15:10:34,620 - mmcls - INFO - Epoch(val) [79][18]	accuracy_top-1: 96.5035, accuracy_top-5: 100.0000
2023-02-05 15:10:40,026 - mmcls - INFO - Saving checkpoint at 80 epochs
2023-02-05 15:10:40,999 - mmcls - INFO - Epoch(val) [80][18]	accuracy_top-1: 95.9790, accuracy_top-5: 100.0000
2023-02-05 15:10:46,427 - mmcls - INFO - Saving checkpoint at 81 epochs
2023-02-05 15:10:47,406 - mmcls - INFO - Epoch(val) [81][18]	accuracy_top-1: 95.8042, accuracy_top-5: 100.0000
2023-02-05 15:10:52,836 - mmcls - INFO - Saving checkpoint at 82 epochs
2023-02-05 15:10:53,817 - mmcls - INFO - Epoch(val) [82][18]	accuracy_top-1: 96.5035, accuracy_top-5: 100.0000
2023-02-05 15:10:59,287 - mmcls - INFO - Saving checkpoint at 83 epochs
2023-02-05 15:11:00,263 - mmcls - INFO - Epoch(val) [83][18]	accuracy_top-1: 95.2797, accuracy_top-5: 100.0000
2023-02-05 15:11:05,703 - mmcls - INFO - Saving checkpoint at 84 epochs
2023-02-05 15:11:06,678 - mmcls - INFO - Epoch(val) [84][18]	accuracy_top-1: 95.8042, accuracy_top-5: 100.0000
2023-02-05 15:11:12,142 - mmcls - INFO - Saving checkpoint at 85 epochs
2023-02-05 15:11:13,122 - mmcls - INFO - Epoch(val) [85][18]	accuracy_top-1: 95.9790, accuracy_top-5: 100.0000
2023-02-05 15:11:18,537 - mmcls - INFO - Saving checkpoint at 86 epochs
2023-02-05 15:11:19,508 - mmcls - INFO - Epoch(val) [86][18]	accuracy_top-1: 96.1538, accuracy_top-5: 100.0000
2023-02-05 15:11:24,984 - mmcls - INFO - Saving checkpoint at 87 epochs
2023-02-05 15:11:25,965 - mmcls - INFO - Epoch(val) [87][18]	accuracy_top-1: 96.3287, accuracy_top-5: 100.0000
2023-02-05 15:11:31,371 - mmcls - INFO - Saving checkpoint at 88 epochs
2023-02-05 15:11:32,350 - mmcls - INFO - Epoch(val) [88][18]	accuracy_top-1: 96.6783, accuracy_top-5: 100.0000
2023-02-05 15:11:37,809 - mmcls - INFO - Saving checkpoint at 89 epochs
2023-02-05 15:11:38,789 - mmcls - INFO - Epoch(val) [89][18]	accuracy_top-1: 96.3287, accuracy_top-5: 100.0000
2023-02-05 15:11:44,269 - mmcls - INFO - Saving checkpoint at 90 epochs
2023-02-05 15:11:45,244 - mmcls - INFO - Epoch(val) [90][18]	accuracy_top-1: 96.1538, accuracy_top-5: 100.0000
2023-02-05 15:11:50,676 - mmcls - INFO - Saving checkpoint at 91 epochs
2023-02-05 15:11:51,652 - mmcls - INFO - Epoch(val) [91][18]	accuracy_top-1: 96.1538, accuracy_top-5: 100.0000
2023-02-05 15:11:57,142 - mmcls - INFO - Saving checkpoint at 92 epochs
2023-02-05 15:11:58,110 - mmcls - INFO - Epoch(val) [92][18]	accuracy_top-1: 96.3287, accuracy_top-5: 100.0000
2023-02-05 15:12:03,525 - mmcls - INFO - Saving checkpoint at 93 epochs
2023-02-05 15:12:04,507 - mmcls - INFO - Epoch(val) [93][18]	accuracy_top-1: 96.3287, accuracy_top-5: 100.0000
2023-02-05 15:12:09,957 - mmcls - INFO - Saving checkpoint at 94 epochs
2023-02-05 15:12:10,937 - mmcls - INFO - Epoch(val) [94][18]	accuracy_top-1: 96.6783, accuracy_top-5: 100.0000
2023-02-05 15:12:16,365 - mmcls - INFO - Saving checkpoint at 95 epochs
2023-02-05 15:12:17,343 - mmcls - INFO - Epoch(val) [95][18]	accuracy_top-1: 96.3287, accuracy_top-5: 100.0000
2023-02-05 15:12:22,797 - mmcls - INFO - Saving checkpoint at 96 epochs
2023-02-05 15:12:23,770 - mmcls - INFO - Epoch(val) [96][18]	accuracy_top-1: 96.1538, accuracy_top-5: 100.0000
2023-02-05 15:12:29,246 - mmcls - INFO - Saving checkpoint at 97 epochs
2023-02-05 15:12:30,215 - mmcls - INFO - Epoch(val) [97][18]	accuracy_top-1: 96.1538, accuracy_top-5: 100.0000
2023-02-05 15:12:35,653 - mmcls - INFO - Saving checkpoint at 98 epochs
2023-02-05 15:12:36,625 - mmcls - INFO - Epoch(val) [98][18]	accuracy_top-1: 96.6783, accuracy_top-5: 100.0000
2023-02-05 15:12:42,063 - mmcls - INFO - Saving checkpoint at 99 epochs
2023-02-05 15:12:43,040 - mmcls - INFO - Epoch(val) [99][18]	accuracy_top-1: 96.3287, accuracy_top-5: 100.0000
2023-02-05 15:12:48,449 - mmcls - INFO - Saving checkpoint at 100 epochs
2023-02-05 15:12:49,420 - mmcls - INFO - Epoch(val) [100][18]	accuracy_top-1: 96.3287, accuracy_top-5: 100.0000
